<?xml version="1.0" encoding="UTF-8"?>
<coverage generated="1641642510979" clover="3.2.0">
  <project timestamp="1641642510979" name="All files">
    <metrics statements="27" coveredstatements="25" conditionals="14" coveredconditionals="12" methods="7" coveredmethods="7" elements="48" coveredelements="44" complexity="0" loc="27" ncloc="27" packages="1" files="1" classes="1"/>
    <file name="thermostat.js" path="/Users/giorgigutsaevi/Projects/js-fundamentals/thermostat/main/thermostat.js">
      <metrics statements="27" coveredstatements="25" conditionals="14" coveredconditionals="12" methods="7" coveredmethods="7"/>
      <line num="5" count="13" type="stmt"/>
      <line num="6" count="13" type="stmt"/>
      <line num="7" count="13" type="stmt"/>
      <line num="8" count="13" type="stmt"/>
      <line num="13" count="6" type="stmt"/>
      <line num="17" count="40" type="cond" truecount="2" falsecount="0"/>
      <line num="18" count="20" type="stmt"/>
      <line num="19" count="20" type="cond" truecount="2" falsecount="0"/>
      <line num="20" count="5" type="stmt"/>
      <line num="21" count="5" type="stmt"/>
      <line num="23" count="15" type="stmt"/>
      <line num="26" count="20" type="stmt"/>
      <line num="27" count="20" type="cond" truecount="2" falsecount="0"/>
      <line num="28" count="8" type="stmt"/>
      <line num="29" count="8" type="stmt"/>
      <line num="31" count="12" type="stmt"/>
      <line num="37" count="20" type="cond" truecount="2" falsecount="0"/>
      <line num="38" count="5" type="stmt"/>
      <line num="39" count="5" type="stmt"/>
      <line num="41" count="15" type="stmt"/>
      <line num="45" count="2" type="stmt"/>
      <line num="49" count="1" type="stmt"/>
      <line num="53" count="1" type="cond" truecount="1" falsecount="1"/>
      <line num="54" count="0" type="stmt"/>
      <line num="55" count="1" type="cond" truecount="3" falsecount="1"/>
      <line num="56" count="1" type="stmt"/>
      <line num="58" count="0" type="stmt"/>
    </file>
  </project>
</coverage>
