{"/Users/giorgigutsaevi/Projects/js-fundamentals/thermostat/main/thermostat.js": {"path":"/Users/giorgigutsaevi/Projects/js-fundamentals/thermostat/main/thermostat.js","statementMap":{"0":{"start":{"line":5,"column":2},"end":{"line":5,"column":22}},"1":{"start":{"line":6,"column":2},"end":{"line":6,"column":30}},"2":{"start":{"line":7,"column":2},"end":{"line":7,"column":24}},"3":{"start":{"line":8,"column":2},"end":{"line":8,"column":24}},"4":{"start":{"line":13,"column":2},"end":{"line":13,"column":23}},"5":{"start":{"line":17,"column":2},"end":{"line":33,"column":3}},"6":{"start":{"line":18,"column":3},"end":{"line":18,"column":25}},"7":{"start":{"line":19,"column":3},"end":{"line":24,"column":4}},"8":{"start":{"line":20,"column":4},"end":{"line":20,"column":50}},"9":{"start":{"line":21,"column":4},"end":{"line":21,"column":10}},"10":{"start":{"line":23,"column":4},"end":{"line":23,"column":24}},"11":{"start":{"line":26,"column":3},"end":{"line":26,"column":25}},"12":{"start":{"line":27,"column":3},"end":{"line":32,"column":4}},"13":{"start":{"line":28,"column":4},"end":{"line":28,"column":50}},"14":{"start":{"line":29,"column":4},"end":{"line":29,"column":10}},"15":{"start":{"line":31,"column":4},"end":{"line":31,"column":24}},"16":{"start":{"line":37,"column":2},"end":{"line":42,"column":3}},"17":{"start":{"line":38,"column":3},"end":{"line":38,"column":49}},"18":{"start":{"line":39,"column":3},"end":{"line":39,"column":9}},"19":{"start":{"line":41,"column":3},"end":{"line":41,"column":22}},"20":{"start":{"line":45,"column":2},"end":{"line":45,"column":37}},"21":{"start":{"line":49,"column":2},"end":{"line":49,"column":29}},"22":{"start":{"line":53,"column":2},"end":{"line":59,"column":3}},"23":{"start":{"line":54,"column":3},"end":{"line":54,"column":21}},"24":{"start":{"line":55,"column":8},"end":{"line":59,"column":3}},"25":{"start":{"line":56,"column":3},"end":{"line":56,"column":24}},"26":{"start":{"line":58,"column":3},"end":{"line":58,"column":22}}},"fnMap":{"0":{"name":"(anonymous_0)","decl":{"start":{"line":4,"column":1},"end":{"line":4,"column":2}},"loc":{"start":{"line":4,"column":14},"end":{"line":10,"column":2}},"line":4},"1":{"name":"(anonymous_1)","decl":{"start":{"line":12,"column":1},"end":{"line":12,"column":2}},"loc":{"start":{"line":12,"column":17},"end":{"line":14,"column":2}},"line":12},"2":{"name":"(anonymous_2)","decl":{"start":{"line":16,"column":1},"end":{"line":16,"column":2}},"loc":{"start":{"line":16,"column":5},"end":{"line":34,"column":2}},"line":16},"3":{"name":"(anonymous_3)","decl":{"start":{"line":36,"column":1},"end":{"line":36,"column":2}},"loc":{"start":{"line":36,"column":7},"end":{"line":43,"column":2}},"line":36},"4":{"name":"(anonymous_4)","decl":{"start":{"line":44,"column":1},"end":{"line":44,"column":2}},"loc":{"start":{"line":44,"column":25},"end":{"line":46,"column":2}},"line":44},"5":{"name":"(anonymous_5)","decl":{"start":{"line":48,"column":1},"end":{"line":48,"column":2}},"loc":{"start":{"line":48,"column":8},"end":{"line":50,"column":2}},"line":48},"6":{"name":"(anonymous_6)","decl":{"start":{"line":52,"column":1},"end":{"line":52,"column":2}},"loc":{"start":{"line":52,"column":21},"end":{"line":60,"column":2}},"line":52}},"branchMap":{"0":{"loc":{"start":{"line":17,"column":2},"end":{"line":33,"column":3}},"type":"if","locations":[{"start":{"line":17,"column":2},"end":{"line":33,"column":3}},{"start":{"line":25,"column":7},"end":{"line":33,"column":3}}],"line":17},"1":{"loc":{"start":{"line":19,"column":3},"end":{"line":24,"column":4}},"type":"if","locations":[{"start":{"line":19,"column":3},"end":{"line":24,"column":4}},{"start":{"line":22,"column":8},"end":{"line":24,"column":4}}],"line":19},"2":{"loc":{"start":{"line":27,"column":3},"end":{"line":32,"column":4}},"type":"if","locations":[{"start":{"line":27,"column":3},"end":{"line":32,"column":4}},{"start":{"line":30,"column":8},"end":{"line":32,"column":4}}],"line":27},"3":{"loc":{"start":{"line":37,"column":2},"end":{"line":42,"column":3}},"type":"if","locations":[{"start":{"line":37,"column":2},"end":{"line":42,"column":3}},{"start":{"line":40,"column":7},"end":{"line":42,"column":3}}],"line":37},"4":{"loc":{"start":{"line":53,"column":2},"end":{"line":59,"column":3}},"type":"if","locations":[{"start":{"line":53,"column":2},"end":{"line":59,"column":3}},{"start":{"line":55,"column":8},"end":{"line":59,"column":3}}],"line":53},"5":{"loc":{"start":{"line":55,"column":8},"end":{"line":59,"column":3}},"type":"if","locations":[{"start":{"line":55,"column":8},"end":{"line":59,"column":3}},{"start":{"line":57,"column":7},"end":{"line":59,"column":3}}],"line":55},"6":{"loc":{"start":{"line":55,"column":11},"end":{"line":55,"column":55}},"type":"binary-expr","locations":[{"start":{"line":55,"column":11},"end":{"line":55,"column":31}},{"start":{"line":55,"column":35},"end":{"line":55,"column":55}}],"line":55}},"s":{"0":13,"1":13,"2":13,"3":13,"4":6,"5":40,"6":20,"7":20,"8":5,"9":5,"10":15,"11":20,"12":20,"13":8,"14":8,"15":12,"16":20,"17":5,"18":5,"19":15,"20":2,"21":1,"22":1,"23":0,"24":1,"25":1,"26":0},"f":{"0":13,"1":6,"2":40,"3":20,"4":2,"5":1,"6":1},"b":{"0":[20,20],"1":[5,15],"2":[8,12],"3":[5,15],"4":[0,1],"5":[1,0],"6":[1,1]},"_coverageSchema":"1a1c01bbd47fc00a2c39e90264f33305004495a9","hash":"566b98d84c9220f146019d5f615c558021c70ba7"}
}
