TN:
SF:main/thermostat.js
FN:4,(anonymous_0)
FN:12,(anonymous_1)
FN:16,(anonymous_2)
FN:36,(anonymous_3)
FN:44,(anonymous_4)
FN:48,(anonymous_5)
FN:52,(anonymous_6)
FNF:7
FNH:7
FNDA:13,(anonymous_0)
FNDA:6,(anonymous_1)
FNDA:40,(anonymous_2)
FNDA:20,(anonymous_3)
FNDA:2,(anonymous_4)
FNDA:1,(anonymous_5)
FNDA:1,(anonymous_6)
DA:5,13
DA:6,13
DA:7,13
DA:8,13
DA:13,6
DA:17,40
DA:18,20
DA:19,20
DA:20,5
DA:21,5
DA:23,15
DA:26,20
DA:27,20
DA:28,8
DA:29,8
DA:31,12
DA:37,20
DA:38,5
DA:39,5
DA:41,15
DA:45,2
DA:49,1
DA:53,1
DA:54,0
DA:55,1
DA:56,1
DA:58,0
LF:27
LH:25
BRDA:17,0,0,20
BRDA:17,0,1,20
BRDA:19,1,0,5
BRDA:19,1,1,15
BRDA:27,2,0,8
BRDA:27,2,1,12
BRDA:37,3,0,5
BRDA:37,3,1,15
BRDA:53,4,0,0
BRDA:53,4,1,1
BRDA:55,5,0,1
BRDA:55,5,1,0
BRDA:55,6,0,1
BRDA:55,6,1,1
BRF:14
BRH:12
end_of_record
